This is pdfTeX, Version 3.14159265-2.6-1.40.19 (TeX Live 2018) (preloaded format=pdflatex 2018.4.16)  4 MAR 2019 17:16
entering extended mode
 restricted \write18 enabled.
 file:line:error style messages enabled.
 %&-line parsing enabled.
**\input Paper.tex
(./Paper.tex (/usr/local/texlive/2018/texmf-dist/tex/latex/base/article.cls
Document Class: article 2014/09/29 v1.4h Standard LaTeX document class
(/usr/local/texlive/2018/texmf-dist/tex/latex/base/size11.clo
File: size11.clo 2014/09/29 v1.4h Standard LaTeX file (size option)
)
\c@part=\count80
\c@section=\count81
\c@subsection=\count82
\c@subsubsection=\count83
\c@paragraph=\count84
\c@subparagraph=\count85
\c@figure=\count86
\c@table=\count87
\abovecaptionskip=\skip41
\belowcaptionskip=\skip42
\bibindent=\dimen102
)
(/usr/local/texlive/2018/texmf-dist/tex/latex/outline/outline.sty
Package: outline 2002/08/23 Simple Outline Package
\c@@outlndepth=\count88
\@outlndepth=\count89
\c@outlni=\count90
\c@outlnii=\count91
\c@outlniii=\count92
\c@outlniv=\count93
\c@outlnv=\count94
\c@outlnvi=\count95
)
(/usr/local/texlive/2018/texmf-dist/tex/latex/float/float.sty
Package: float 2001/11/08 v1.3d Float enhancements (AL)
\c@float@type=\count96
\float@exts=\toks14
\float@box=\box26
\@float@everytoks=\toks15
\@floatcapt=\box27
)
(/usr/local/texlive/2018/texmf-dist/tex/latex/graphics/graphicx.sty
Package: graphicx 2017/06/01 v1.1a Enhanced LaTeX Graphics (DPC,SPQR)

(/usr/local/texlive/2018/texmf-dist/tex/latex/graphics/keyval.sty
Package: keyval 2014/10/28 v1.15 key=value parser (DPC)
\KV@toks@=\toks16
)
(/usr/local/texlive/2018/texmf-dist/tex/latex/graphics/graphics.sty
Package: graphics 2017/06/25 v1.2c Standard LaTeX Graphics (DPC,SPQR)

(/usr/local/texlive/2018/texmf-dist/tex/latex/graphics/trig.sty
Package: trig 2016/01/03 v1.10 sin cos tan (DPC)
)
(/usr/local/texlive/2018/texmf-dist/tex/latex/graphics-cfg/graphics.cfg
File: graphics.cfg 2016/06/04 v1.11 sample graphics configuration
)
Package graphics Info: Driver file: pdftex.def on input line 99.

(/usr/local/texlive/2018/texmf-dist/tex/latex/graphics-def/pdftex.def
File: pdftex.def 2018/01/08 v1.0l Graphics/color driver for pdftex
))
\Gin@req@height=\dimen103
\Gin@req@width=\dimen104
)
(/usr/local/texlive/2018/texmf-dist/tex/latex/graphics/color.sty
Package: color 2016/07/10 v1.1e Standard LaTeX Color (DPC)

(/usr/local/texlive/2018/texmf-dist/tex/latex/graphics-cfg/color.cfg
File: color.cfg 2016/01/02 v1.6 sample color configuration
)
Package color Info: Driver file: pdftex.def on input line 147.
)
(/usr/local/texlive/2018/texmf-dist/tex/latex/amsmath/amsmath.sty
Package: amsmath 2017/09/02 v2.17a AMS math features
\@mathmargin=\skip43

For additional information on amsmath, use the `?' option.
(/usr/local/texlive/2018/texmf-dist/tex/latex/amsmath/amstext.sty
Package: amstext 2000/06/29 v2.01 AMS text

(/usr/local/texlive/2018/texmf-dist/tex/latex/amsmath/amsgen.sty
File: amsgen.sty 1999/11/30 v2.0 generic functions
\@emptytoks=\toks17
\ex@=\dimen105
))
(/usr/local/texlive/2018/texmf-dist/tex/latex/amsmath/amsbsy.sty
Package: amsbsy 1999/11/29 v1.2d Bold Symbols
\pmbraise@=\dimen106
)
(/usr/local/texlive/2018/texmf-dist/tex/latex/amsmath/amsopn.sty
Package: amsopn 2016/03/08 v2.02 operator names
)
\inf@bad=\count97
LaTeX Info: Redefining \frac on input line 213.
\uproot@=\count98
\leftroot@=\count99
LaTeX Info: Redefining \overline on input line 375.
\classnum@=\count100
\DOTSCASE@=\count101
LaTeX Info: Redefining \ldots on input line 472.
LaTeX Info: Redefining \dots on input line 475.
LaTeX Info: Redefining \cdots on input line 596.
\Mathstrutbox@=\box28
\strutbox@=\box29
\big@size=\dimen107
LaTeX Font Info:    Redeclaring font encoding OML on input line 712.
LaTeX Font Info:    Redeclaring font encoding OMS on input line 713.
\macc@depth=\count102
\c@MaxMatrixCols=\count103
\dotsspace@=\muskip10
\c@parentequation=\count104
\dspbrk@lvl=\count105
\tag@help=\toks18
\row@=\count106
\column@=\count107
\maxfields@=\count108
\andhelp@=\toks19
\eqnshift@=\dimen108
\alignsep@=\dimen109
\tagshift@=\dimen110
\tagwidth@=\dimen111
\totwidth@=\dimen112
\lineht@=\dimen113
\@envbody=\toks20
\multlinegap=\skip44
\multlinetaggap=\skip45
\mathdisplay@stack=\toks21
LaTeX Info: Redefining \[ on input line 2817.
LaTeX Info: Redefining \] on input line 2818.
)
(/usr/local/texlive/2018/texmf-dist/tex/latex/cite/cite.sty
LaTeX Info: Redefining \cite on input line 302.
LaTeX Info: Redefining \nocite on input line 332.
Package: cite 2015/02/27  v 5.5
)
(/usr/local/texlive/2018/texmf-dist/tex/latex/base/fontenc.sty
Package: fontenc 2017/04/05 v2.0i Standard LaTeX package

(/usr/local/texlive/2018/texmf-dist/tex/latex/base/t1enc.def
File: t1enc.def 2017/04/05 v2.0i Standard LaTeX file
LaTeX Font Info:    Redeclaring font encoding T1 on input line 48.
))
(/usr/local/texlive/2018/texmf-dist/tex/latex/base/inputenc.sty
Package: inputenc 2018/04/06 v1.3b Input encoding file
\inpenc@prehook=\toks22
\inpenc@posthook=\toks23
)
(/usr/local/texlive/2018/texmf-dist/tex/latex/preprint/authblk.sty
Package: authblk 2001/02/27 1.3 (PWD)
\affilsep=\skip46
\@affilsep=\skip47
\c@Maxaffil=\count109
\c@authors=\count110
\c@affil=\count111
)

LaTeX Warning: Unused global option(s):
    [preprint].

(./Paper.aux)
\openout1 = `Paper.aux'.

LaTeX Font Info:    Checking defaults for OML/cmm/m/it on input line 36.
LaTeX Font Info:    ... okay on input line 36.
LaTeX Font Info:    Checking defaults for T1/cmr/m/n on input line 36.
LaTeX Font Info:    ... okay on input line 36.
LaTeX Font Info:    Checking defaults for OT1/cmr/m/n on input line 36.
LaTeX Font Info:    ... okay on input line 36.
LaTeX Font Info:    Checking defaults for OMS/cmsy/m/n on input line 36.
LaTeX Font Info:    ... okay on input line 36.
LaTeX Font Info:    Checking defaults for OMX/cmex/m/n on input line 36.
LaTeX Font Info:    ... okay on input line 36.
LaTeX Font Info:    Checking defaults for U/cmr/m/n on input line 36.
LaTeX Font Info:    ... okay on input line 36.

(/usr/local/texlive/2018/texmf-dist/tex/context/base/mkii/supp-pdf.mkii
[Loading MPS to PDF converter (version 2006.09.02).]
\scratchcounter=\count112
\scratchdimen=\dimen114
\scratchbox=\box30
\nofMPsegments=\count113
\nofMParguments=\count114
\everyMPshowfont=\toks24
\MPscratchCnt=\count115
\MPscratchDim=\dimen115
\MPnumerator=\count116
\makeMPintoPDFobject=\count117
\everyMPtoPDFconversion=\toks25
) (/usr/local/texlive/2018/texmf-dist/tex/latex/oberdiek/epstopdf-base.sty
Package: epstopdf-base 2016/05/15 v2.6 Base part for package epstopdf

(/usr/local/texlive/2018/texmf-dist/tex/generic/oberdiek/infwarerr.sty
Package: infwarerr 2016/05/16 v1.4 Providing info/warning/error messages (HO)
)
(/usr/local/texlive/2018/texmf-dist/tex/latex/oberdiek/grfext.sty
Package: grfext 2016/05/16 v1.2 Manage graphics extensions (HO)

(/usr/local/texlive/2018/texmf-dist/tex/generic/oberdiek/kvdefinekeys.sty
Package: kvdefinekeys 2016/05/16 v1.4 Define keys (HO)

(/usr/local/texlive/2018/texmf-dist/tex/generic/oberdiek/ltxcmds.sty
Package: ltxcmds 2016/05/16 v1.23 LaTeX kernel commands for general use (HO)
)))
(/usr/local/texlive/2018/texmf-dist/tex/latex/oberdiek/kvoptions.sty
Package: kvoptions 2016/05/16 v3.12 Key value format for package options (HO)

(/usr/local/texlive/2018/texmf-dist/tex/generic/oberdiek/kvsetkeys.sty
Package: kvsetkeys 2016/05/16 v1.17 Key value parser (HO)

(/usr/local/texlive/2018/texmf-dist/tex/generic/oberdiek/etexcmds.sty
Package: etexcmds 2016/05/16 v1.6 Avoid name clashes with e-TeX commands (HO)

(/usr/local/texlive/2018/texmf-dist/tex/generic/oberdiek/ifluatex.sty
Package: ifluatex 2016/05/16 v1.4 Provides the ifluatex switch (HO)
Package ifluatex Info: LuaTeX not detected.
)
Package etexcmds Info: Could not find \expanded.
(etexcmds)             That can mean that you are not using pdfTeX 1.50 or
(etexcmds)             that some package has redefined \expanded.
(etexcmds)             In the latter case, load this package earlier.
)))
(/usr/local/texlive/2018/texmf-dist/tex/generic/oberdiek/pdftexcmds.sty
Package: pdftexcmds 2018/01/30 v0.27 Utility functions of pdfTeX for LuaTeX (HO
)

(/usr/local/texlive/2018/texmf-dist/tex/generic/oberdiek/ifpdf.sty
Package: ifpdf 2017/03/15 v3.2 Provides the ifpdf switch
)
Package pdftexcmds Info: LuaTeX not detected.
Package pdftexcmds Info: \pdf@primitive is available.
Package pdftexcmds Info: \pdf@ifprimitive is available.
Package pdftexcmds Info: \pdfdraftmode found.
)
Package epstopdf-base Info: Redefining graphics rule for `.eps' on input line 4
38.
Package grfext Info: Graphics extension search list:
(grfext)             [.pdf,.png,.jpg,.mps,.jpeg,.jbig2,.jb2,.PDF,.PNG,.JPG,.JPE
G,.JBIG2,.JB2,.eps]
(grfext)             \AppendGraphicsExtensions on input line 456.

(/usr/local/texlive/2018/texmf-dist/tex/latex/latexconfig/epstopdf-sys.cfg
File: epstopdf-sys.cfg 2010/07/13 v1.3 Configuration of (r)epstopdf for TeX Liv
e
))
[1

{/usr/local/texlive/2018/texmf-var/fonts/map/pdftex/updmap/pdftex.map}]

LaTeX Warning: Citation `pardoll2012blockade' on page 2 undefined on input line
 65.


LaTeX Warning: Citation `restifo2012adoptive' on page 2 undefined on input line
 65.


LaTeX Warning: Citation `de2006paradoxical' on page 2 undefined on input line 6
5.


LaTeX Warning: Citation `schreiber11_cancer' on page 2 undefined on input line 
67.


LaTeX Warning: Citation `schreiber11_cancer' on page 2 undefined on input line 
67.


LaTeX Warning: Citation `nieto2016emt' on page 2 undefined on input line 70.


LaTeX Warning: Citation `nie18_stem' on page 2 undefined on input line 70.


LaTeX Warning: Citation `sha19_intermediate' on page 2 undefined on input line 
70.


LaTeX Warning: Citation `hong2015ovol2' on page 2 undefined on input line 71.


LaTeX Warning: Citation `jolly15_coupling' on page 2 undefined on input line 71
.


LaTeX Warning: Citation `moris16_transition' on page 2 undefined on input line 
71.


LaTeX Warning: Citation `maclean18_exploring' on page 2 undefined on input line
 71.


LaTeX Warning: Citation `ta16_controlling' on page 2 undefined on input line 71
.


LaTeX Warning: Citation `rackauckas18_meanindependent' on page 2 undefined on i
nput line 71.


LaTeX Warning: Citation `nieto2016emt' on page 2 undefined on input line 76.

[2]

LaTeX Warning: Citation `terry2017new' on page 3 undefined on input line 87.


LaTeX Warning: Citation `terry2017new' on page 3 undefined on input line 94.


LaTeX Warning: Citation `terry2017new' on page 3 undefined on input line 110.

[3]

LaTeX Warning: Citation `guo2017multiscale' on page 4 undefined on input line 1
22.

[4] [5]
LaTeX Font Info:    Try loading font information for OMS+cmr on input line 230.

 (/usr/local/texlive/2018/texmf-dist/tex/latex/base/omscmr.fd
File: omscmr.fd 2014/09/29 v2.5h Standard LaTeX font definitions
)
LaTeX Font Info:    Font shape `OMS/cmr/m/n' in size <10.95> not available
(Font)              Font shape `OMS/cmsy/m/n' tried instead on input line 230.
 [6]
Overfull \hbox (6.86607pt too wide) in paragraph at lines 257--264
 \T1/cmr/bx/n/10.95 Im-mune Clear-ance[] \T1/cmr/m/n/10.95 For both NK clear-an
ce and CTL clear-ance, the weights
 []

[7] [8]

LaTeX Warning: Citation `morris1991factorial' on page 9 undefined on input line
 343.


LaTeX Warning: Citation `sohier2014improvement' on page 9 undefined on input li
ne 343.


LaTeX Warning: Citation `sohier2014improvement' on page 9 undefined on input li
ne 346.

[9]

LaTeX Warning: Citation `de2014modeling' on page 10 undefined on input line 350
.


LaTeX Warning: Citation `de2014modeling' on page 10 undefined on input line 351
.

<Figs/Figure1/Figure1.pdf, id=45, 1027.84pt x 770.88pt>
File: Figs/Figure1/Figure1.pdf Graphic file (type pdf)
<use Figs/Figure1/Figure1.pdf>
Package pdftex.def Info: Figs/Figure1/Figure1.pdf  used on input line 365.
(pdftex.def)             Requested size: 360.0pt x 270.00024pt.
[10]
<Figs/Figure2/Figure2.jpg, id=49, 2890.8pt x 1704.3675pt>
File: Figs/Figure2/Figure2.jpg Graphic file (type jpg)
<use Figs/Figure2/Figure2.jpg>
Package pdftex.def Info: Figs/Figure2/Figure2.jpg  used on input line 377.
(pdftex.def)             Requested size: 360.0pt x 212.23921pt.
 [11 <./Figs/Figure1/Figure1.pdf>] [12 <./Figs/Figure2/Figure2.jpg>]
[13]
Overfull \hbox (0.17995pt too wide) in paragraph at lines 424--424
[]\T1/cmr/bx/n/12 Mesenchymal phe-no-typic prop-er-ties dra-mat-i-cally change
 []

[14]
<Figs/Figure3/Figure3.pdf, id=103, 770.88pt x 1027.84pt>
File: Figs/Figure3/Figure3.pdf Graphic file (type pdf)
<use Figs/Figure3/Figure3.pdf>
Package pdftex.def Info: Figs/Figure3/Figure3.pdf  used on input line 442.
(pdftex.def)             Requested size: 360.0pt x 479.99521pt.
 [15]
Overfull \vbox (5.12416pt too high) has occurred while \output is active []


[16 <./Figs/Figure3/Figure3.pdf, page is rotated 90 degrees>]
<Figs/Figure4/Figure4.pdf, id=134, 1027.84pt x 656.12265pt>
File: Figs/Figure4/Figure4.pdf Graphic file (type pdf)
<use Figs/Figure4/Figure4.pdf>
Package pdftex.def Info: Figs/Figure4/Figure4.pdf  used on input line 477.
(pdftex.def)             Requested size: 360.0pt x 229.80655pt.
 [17] [18 <./Figs/Figure4/Figure4.pdf>]
<Figs/Figure5/MIEvsMQ.jpg, id=161, 1124.2pt x 843.15pt>
File: Figs/Figure5/MIEvsMQ.jpg Graphic file (type jpg)
<use Figs/Figure5/MIEvsMQ.jpg>
Package pdftex.def Info: Figs/Figure5/MIEvsMQ.jpg  used on input line 499.
(pdftex.def)             Requested size: 360.0pt x 269.99362pt.
 [19 <./Figs/Figure5/MIEvsMQ.jpg>]
<Figs/FigTCGA.pdf, id=166, 682.33821pt x 502.39195pt>
File: Figs/FigTCGA.pdf Graphic file (type pdf)
<use Figs/FigTCGA.pdf>
Package pdftex.def Info: Figs/FigTCGA.pdf  used on input line 510.
(pdftex.def)             Requested size: 360.0pt x 265.06291pt.
 [20 <./Figs/FigTCGA.pdf>] [21] (./Paper.bbl

LaTeX Warning: Empty `thebibliography' environment on input line 3.

) [22] (./Paper.aux)

LaTeX Warning: There were undefined references.

 ) 
Here is how much of TeX's memory you used:
 2692 strings out of 492649
 35775 string characters out of 6129622
 103369 words of memory out of 5000000
 6508 multiletter control sequences out of 15000+600000
 15812 words of font info for 40 fonts, out of 8000000 for 9000
 1141 hyphenation exceptions out of 8191
 41i,13n,25p,1056b,286s stack positions out of 5000i,500n,10000p,200000b,80000s
{/usr/local/texlive/2018/texmf-dist/fonts/enc/dvips/cm-super/cm-super-t1.enc}
</usr/local/texlive/2018/texmf-dist/fonts/type1/public/amsfonts/cm/cmex10.pfb><
/usr/local/texlive/2018/texmf-dist/fonts/type1/public/amsfonts/cm/cmmi10.pfb></
usr/local/texlive/2018/texmf-dist/fonts/type1/public/amsfonts/cm/cmmi8.pfb></us
r/local/texlive/2018/texmf-dist/fonts/type1/public/amsfonts/cm/cmr10.pfb></usr/
local/texlive/2018/texmf-dist/fonts/type1/public/amsfonts/cm/cmr8.pfb></usr/loc
al/texlive/2018/texmf-dist/fonts/type1/public/amsfonts/cm/cmsy10.pfb></usr/loca
l/texlive/2018/texmf-dist/fonts/type1/public/amsfonts/cm/cmsy8.pfb></usr/local/
texlive/2018/texmf-dist/fonts/type1/public/cm-super/sfbx1095.pfb></usr/local/te
xlive/2018/texmf-dist/fonts/type1/public/cm-super/sfbx1200.pfb></usr/local/texl
ive/2018/texmf-dist/fonts/type1/public/cm-super/sfbx1440.pfb></usr/local/texliv
e/2018/texmf-dist/fonts/type1/public/cm-super/sfrm0800.pfb></usr/local/texlive/
2018/texmf-dist/fonts/type1/public/cm-super/sfrm1095.pfb></usr/local/texlive/20
18/texmf-dist/fonts/type1/public/cm-super/sfrm1200.pfb></usr/local/texlive/2018
/texmf-dist/fonts/type1/public/cm-super/sfrm1728.pfb></usr/local/texlive/2018/t
exmf-dist/fonts/type1/public/cm-super/sfti1095.pfb>
Output written on Paper.pdf (22 pages, 3480858 bytes).
PDF statistics:
 257 PDF objects out of 1000 (max. 8388607)
 164 compressed objects within 2 object streams
 0 named destinations out of 1000 (max. 500000)
 31 words of extra memory for PDF output out of 10000 (max. 10000000)

